C:\Users\Admin\Documents\Visual Studio 2010\Projects\ConfHelper\ConfHelper\Debug\cl.command.1.tlog
C:\Users\Admin\Documents\Visual Studio 2010\Projects\ConfHelper\ConfHelper\Debug\CL.read.1.tlog
C:\Users\Admin\Documents\Visual Studio 2010\Projects\ConfHelper\ConfHelper\Debug\CL.write.1.tlog
C:\USERS\ADMIN\DOCUMENTS\VISUAL STUDIO 2010\PROJECTS\CONFHELPER\CONFHELPER\DEBUG\CONF.OBJ
C:\USERS\ADMIN\DOCUMENTS\VISUAL STUDIO 2010\PROJECTS\CONFHELPER\CONFHELPER\DEBUG\CONFHELPER.EXE.EMBED.MANIFEST
C:\USERS\ADMIN\DOCUMENTS\VISUAL STUDIO 2010\PROJECTS\CONFHELPER\CONFHELPER\DEBUG\CONFHELPER.EXE.EMBED.MANIFEST.RES
C:\USERS\ADMIN\DOCUMENTS\VISUAL STUDIO 2010\PROJECTS\CONFHELPER\CONFHELPER\DEBUG\CONFHELPER.EXE.INTERMEDIATE.MANIFEST
C:\USERS\ADMIN\DOCUMENTS\VISUAL STUDIO 2010\PROJECTS\CONFHELPER\CONFHELPER\DEBUG\CONFHELPER.OBJ
C:\Users\Admin\Documents\Visual Studio 2010\Projects\ConfHelper\ConfHelper\Debug\ConfHelper_manifest.rc
C:\Users\Admin\Documents\Visual Studio 2010\Projects\ConfHelper\ConfHelper\Debug\link.204.read.1.tlog
C:\Users\Admin\Documents\Visual Studio 2010\Projects\ConfHelper\ConfHelper\Debug\link.204.write.1.tlog
C:\Users\Admin\Documents\Visual Studio 2010\Projects\ConfHelper\ConfHelper\Debug\link.204-cvtres.read.1.tlog
C:\Users\Admin\Documents\Visual Studio 2010\Projects\ConfHelper\ConfHelper\Debug\link.204-cvtres.write.1.tlog
C:\Users\Admin\Documents\Visual Studio 2010\Projects\ConfHelper\ConfHelper\Debug\link.2576.read.1.tlog
C:\Users\Admin\Documents\Visual Studio 2010\Projects\ConfHelper\ConfHelper\Debug\link.2576.write.1.tlog
C:\Users\Admin\Documents\Visual Studio 2010\Projects\ConfHelper\ConfHelper\Debug\link.2576-cvtres.read.1.tlog
C:\Users\Admin\Documents\Visual Studio 2010\Projects\ConfHelper\ConfHelper\Debug\link.2576-cvtres.write.1.tlog
C:\Users\Admin\Documents\Visual Studio 2010\Projects\ConfHelper\ConfHelper\Debug\link.3136.read.1.tlog
C:\Users\Admin\Documents\Visual Studio 2010\Projects\ConfHelper\ConfHelper\Debug\link.3136.write.1.tlog
C:\Users\Admin\Documents\Visual Studio 2010\Projects\ConfHelper\ConfHelper\Debug\link.3136-cvtres.read.1.tlog
C:\Users\Admin\Documents\Visual Studio 2010\Projects\ConfHelper\ConfHelper\Debug\link.3136-cvtres.write.1.tlog
C:\Users\Admin\Documents\Visual Studio 2010\Projects\ConfHelper\ConfHelper\Debug\link.5088.read.1.tlog
C:\Users\Admin\Documents\Visual Studio 2010\Projects\ConfHelper\ConfHelper\Debug\link.5088.write.1.tlog
C:\Users\Admin\Documents\Visual Studio 2010\Projects\ConfHelper\ConfHelper\Debug\link.5088-cvtres.read.1.tlog
C:\Users\Admin\Documents\Visual Studio 2010\Projects\ConfHelper\ConfHelper\Debug\link.5088-cvtres.write.1.tlog
C:\Users\Admin\Documents\Visual Studio 2010\Projects\ConfHelper\ConfHelper\Debug\link.5176.read.1.tlog
C:\Users\Admin\Documents\Visual Studio 2010\Projects\ConfHelper\ConfHelper\Debug\link.5176.write.1.tlog
C:\Users\Admin\Documents\Visual Studio 2010\Projects\ConfHelper\ConfHelper\Debug\link.5176-cvtres.read.1.tlog
C:\Users\Admin\Documents\Visual Studio 2010\Projects\ConfHelper\ConfHelper\Debug\link.5176-cvtres.write.1.tlog
C:\Users\Admin\Documents\Visual Studio 2010\Projects\ConfHelper\ConfHelper\Debug\link.5636.read.1.tlog
C:\Users\Admin\Documents\Visual Studio 2010\Projects\ConfHelper\ConfHelper\Debug\link.5636.write.1.tlog
C:\Users\Admin\Documents\Visual Studio 2010\Projects\ConfHelper\ConfHelper\Debug\link.5636-cvtres.read.1.tlog
C:\Users\Admin\Documents\Visual Studio 2010\Projects\ConfHelper\ConfHelper\Debug\link.5636-cvtres.write.1.tlog
C:\Users\Admin\Documents\Visual Studio 2010\Projects\ConfHelper\ConfHelper\Debug\link.572.read.1.tlog
C:\Users\Admin\Documents\Visual Studio 2010\Projects\ConfHelper\ConfHelper\Debug\link.572.write.1.tlog
C:\Users\Admin\Documents\Visual Studio 2010\Projects\ConfHelper\ConfHelper\Debug\link.572-cvtres.read.1.tlog
C:\Users\Admin\Documents\Visual Studio 2010\Projects\ConfHelper\ConfHelper\Debug\link.572-cvtres.write.1.tlog
C:\Users\Admin\Documents\Visual Studio 2010\Projects\ConfHelper\ConfHelper\Debug\link.5992.read.1.tlog
C:\Users\Admin\Documents\Visual Studio 2010\Projects\ConfHelper\ConfHelper\Debug\link.5992.write.1.tlog
C:\Users\Admin\Documents\Visual Studio 2010\Projects\ConfHelper\ConfHelper\Debug\link.5992-cvtres.read.1.tlog
C:\Users\Admin\Documents\Visual Studio 2010\Projects\ConfHelper\ConfHelper\Debug\link.5992-cvtres.write.1.tlog
C:\Users\Admin\Documents\Visual Studio 2010\Projects\ConfHelper\ConfHelper\Debug\link.command.1.tlog
C:\Users\Admin\Documents\Visual Studio 2010\Projects\ConfHelper\ConfHelper\Debug\link.read.1.tlog
C:\Users\Admin\Documents\Visual Studio 2010\Projects\ConfHelper\ConfHelper\Debug\link.write.1.tlog
C:\Users\Admin\Documents\Visual Studio 2010\Projects\ConfHelper\ConfHelper\Debug\link-cvtres.read.1.tlog
C:\Users\Admin\Documents\Visual Studio 2010\Projects\ConfHelper\ConfHelper\Debug\link-cvtres.write.1.tlog
C:\Users\Admin\Documents\Visual Studio 2010\Projects\ConfHelper\ConfHelper\Debug\mt.command.1.tlog
C:\Users\Admin\Documents\Visual Studio 2010\Projects\ConfHelper\ConfHelper\Debug\mt.read.1.tlog
C:\Users\Admin\Documents\Visual Studio 2010\Projects\ConfHelper\ConfHelper\Debug\mt.write.1.tlog
C:\Users\Admin\Documents\Visual Studio 2010\Projects\ConfHelper\ConfHelper\Debug\rc.command.1.tlog
C:\Users\Admin\Documents\Visual Studio 2010\Projects\ConfHelper\ConfHelper\Debug\rc.read.1.tlog
C:\Users\Admin\Documents\Visual Studio 2010\Projects\ConfHelper\ConfHelper\Debug\rc.write.1.tlog
C:\USERS\ADMIN\DOCUMENTS\VISUAL STUDIO 2010\PROJECTS\CONFHELPER\CONFHELPER\DEBUG\STDAFX.OBJ
C:\Users\Admin\Documents\Visual Studio 2010\Projects\ConfHelper\ConfHelper\Debug\vc100.idb
C:\USERS\ADMIN\DOCUMENTS\VISUAL STUDIO 2010\PROJECTS\CONFHELPER\CONFHELPER\DEBUG\VC100.PDB
C:\USERS\ADMIN\DOCUMENTS\VISUAL STUDIO 2010\PROJECTS\CONFHELPER\DEBUG\CONFHELPER.EXE
C:\USERS\ADMIN\DOCUMENTS\VISUAL STUDIO 2010\PROJECTS\CONFHELPER\DEBUG\CONFHELPER.ILK
C:\USERS\ADMIN\DOCUMENTS\VISUAL STUDIO 2010\PROJECTS\CONFHELPER\DEBUG\CONFHELPER.PDB
